<?xml version="1.0" encoding="UTF-8"?>
<testsuite xmlns:xsi="http://www.w3.org/2001/XMLSchema-instance" xsi:noNamespaceSchemaLocation="https://maven.apache.org/surefire/maven-failsafe-plugin/xsd/failsafe-test-report-3.0.xsd" version="3.0" name="com.example.runner.ITTestRunner" time="6.523" tests="2" errors="0" skipped="0" failures="0">
  <properties>
    <property name="sun.desktop" value="windows"/>
    <property name="awt.toolkit" value="sun.awt.windows.WToolkit"/>
    <property name="file.encoding.pkg" value="sun.io"/>
    <property name="java.specification.version" value="1.8"/>
    <property name="sun.cpu.isalist" value="amd64"/>
    <property name="sun.jnu.encoding" value="Cp1252"/>
    <property name="java.class.path" value="C:\Users\EricSuminski\Desktop\selenium\target\test-classes;C:\Users\EricSuminski\Desktop\selenium\target\selenium-1.0-SNAPSHOT.jar;C:\Users\EricSuminski\.m2\repository\io\cucumber\cucumber-java\6.1.1\cucumber-java-6.1.1.jar;C:\Users\EricSuminski\.m2\repository\io\cucumber\cucumber-core\6.1.1\cucumber-core-6.1.1.jar;C:\Users\EricSuminski\.m2\repository\io\cucumber\cucumber-gherkin\6.1.1\cucumber-gherkin-6.1.1.jar;C:\Users\EricSuminski\.m2\repository\io\cucumber\cucumber-gherkin-messages\6.1.1\cucumber-gherkin-messages-6.1.1.jar;C:\Users\EricSuminski\.m2\repository\io\cucumber\messages\12.1.1\messages-12.1.1.jar;C:\Users\EricSuminski\.m2\repository\io\cucumber\tag-expressions\3.0.0\tag-expressions-3.0.0.jar;C:\Users\EricSuminski\.m2\repository\io\cucumber\cucumber-expressions\10.2.0\cucumber-expressions-10.2.0.jar;C:\Users\EricSuminski\.m2\repository\io\cucumber\datatable\3.3.1\datatable-3.3.1.jar;C:\Users\EricSuminski\.m2\repository\io\cucumber\cucumber-plugin\6.1.1\cucumber-plugin-6.1.1.jar;C:\Users\EricSuminski\.m2\repository\io\cucumber\docstring\6.1.1\docstring-6.1.1.jar;C:\Users\EricSuminski\.m2\repository\io\cucumber\html-formatter\6.0.3\html-formatter-6.0.3.jar;C:\Users\EricSuminski\.m2\repository\org\apiguardian\apiguardian-api\1.1.0\apiguardian-api-1.1.0.jar;C:\Users\EricSuminski\.m2\repository\io\cucumber\cucumber-junit\6.1.1\cucumber-junit-6.1.1.jar;C:\Users\EricSuminski\.m2\repository\junit\junit\4.13\junit-4.13.jar;C:\Users\EricSuminski\.m2\repository\org\hamcrest\hamcrest-core\1.3\hamcrest-core-1.3.jar;C:\Users\EricSuminski\.m2\repository\org\seleniumhq\selenium\selenium-java\3.141.59\selenium-java-3.141.59.jar;C:\Users\EricSuminski\.m2\repository\org\seleniumhq\selenium\selenium-api\3.141.59\selenium-api-3.141.59.jar;C:\Users\EricSuminski\.m2\repository\org\seleniumhq\selenium\selenium-chrome-driver\3.141.59\selenium-chrome-driver-3.141.59.jar;C:\Users\EricSuminski\.m2\repository\org\seleniumhq\selenium\selenium-edge-driver\3.141.59\selenium-edge-driver-3.141.59.jar;C:\Users\EricSuminski\.m2\repository\org\seleniumhq\selenium\selenium-firefox-driver\3.141.59\selenium-firefox-driver-3.141.59.jar;C:\Users\EricSuminski\.m2\repository\org\seleniumhq\selenium\selenium-ie-driver\3.141.59\selenium-ie-driver-3.141.59.jar;C:\Users\EricSuminski\.m2\repository\org\seleniumhq\selenium\selenium-opera-driver\3.141.59\selenium-opera-driver-3.141.59.jar;C:\Users\EricSuminski\.m2\repository\org\seleniumhq\selenium\selenium-remote-driver\3.141.59\selenium-remote-driver-3.141.59.jar;C:\Users\EricSuminski\.m2\repository\org\seleniumhq\selenium\selenium-safari-driver\3.141.59\selenium-safari-driver-3.141.59.jar;C:\Users\EricSuminski\.m2\repository\org\seleniumhq\selenium\selenium-support\3.141.59\selenium-support-3.141.59.jar;C:\Users\EricSuminski\.m2\repository\net\bytebuddy\byte-buddy\1.8.15\byte-buddy-1.8.15.jar;C:\Users\EricSuminski\.m2\repository\org\apache\commons\commons-exec\1.3\commons-exec-1.3.jar;C:\Users\EricSuminski\.m2\repository\com\google\guava\guava\25.0-jre\guava-25.0-jre.jar;C:\Users\EricSuminski\.m2\repository\com\google\code\findbugs\jsr305\1.3.9\jsr305-1.3.9.jar;C:\Users\EricSuminski\.m2\repository\org\checkerframework\checker-compat-qual\2.0.0\checker-compat-qual-2.0.0.jar;C:\Users\EricSuminski\.m2\repository\com\google\errorprone\error_prone_annotations\2.1.3\error_prone_annotations-2.1.3.jar;C:\Users\EricSuminski\.m2\repository\com\google\j2objc\j2objc-annotations\1.1\j2objc-annotations-1.1.jar;C:\Users\EricSuminski\.m2\repository\org\codehaus\mojo\animal-sniffer-annotations\1.14\animal-sniffer-annotations-1.14.jar;C:\Users\EricSuminski\.m2\repository\com\squareup\okhttp3\okhttp\3.11.0\okhttp-3.11.0.jar;C:\Users\EricSuminski\.m2\repository\com\squareup\okio\okio\1.14.0\okio-1.14.0.jar;C:\Users\EricSuminski\.m2\repository\io\github\bonigarcia\webdrivermanager\5.2.3\webdrivermanager-5.2.3.jar;C:\Users\EricSuminski\.m2\repository\org\slf4j\slf4j-api\1.7.36\slf4j-api-1.7.36.jar;C:\Users\EricSuminski\.m2\repository\com\google\code\gson\gson\2.9.1\gson-2.9.1.jar;C:\Users\EricSuminski\.m2\repository\com\github\docker-java\docker-java\3.2.13\docker-java-3.2.13.jar;C:\Users\EricSuminski\.m2\repository\com\github\docker-java\docker-java-core\3.2.13\docker-java-core-3.2.13.jar;C:\Users\EricSuminski\.m2\repository\com\github\docker-java\docker-java-api\3.2.13\docker-java-api-3.2.13.jar;C:\Users\EricSuminski\.m2\repository\com\fasterxml\jackson\core\jackson-annotations\2.10.3\jackson-annotations-2.10.3.jar;C:\Users\EricSuminski\.m2\repository\commons-io\commons-io\2.6\commons-io-2.6.jar;C:\Users\EricSuminski\.m2\repository\org\apache\commons\commons-compress\1.21\commons-compress-1.21.jar;C:\Users\EricSuminski\.m2\repository\com\fasterxml\jackson\core\jackson-databind\2.10.3\jackson-databind-2.10.3.jar;C:\Users\EricSuminski\.m2\repository\com\fasterxml\jackson\core\jackson-core\2.10.3\jackson-core-2.10.3.jar;C:\Users\EricSuminski\.m2\repository\org\bouncycastle\bcpkix-jdk15on\1.64\bcpkix-jdk15on-1.64.jar;C:\Users\EricSuminski\.m2\repository\org\bouncycastle\bcprov-jdk15on\1.64\bcprov-jdk15on-1.64.jar;C:\Users\EricSuminski\.m2\repository\org\slf4j\jcl-over-slf4j\1.7.30\jcl-over-slf4j-1.7.30.jar;C:\Users\EricSuminski\.m2\repository\com\github\docker-java\docker-java-transport-httpclient5\3.2.13\docker-java-transport-httpclient5-3.2.13.jar;C:\Users\EricSuminski\.m2\repository\com\github\docker-java\docker-java-transport\3.2.13\docker-java-transport-3.2.13.jar;C:\Users\EricSuminski\.m2\repository\net\java\dev\jna\jna\5.8.0\jna-5.8.0.jar;C:\Users\EricSuminski\.m2\repository\org\brotli\dec\0.1.2\dec-0.1.2.jar;C:\Users\EricSuminski\.m2\repository\org\apache\commons\commons-lang3\3.12.0\commons-lang3-3.12.0.jar;C:\Users\EricSuminski\.m2\repository\org\apache\httpcomponents\client5\httpclient5\5.1.3\httpclient5-5.1.3.jar;C:\Users\EricSuminski\.m2\repository\org\apache\httpcomponents\core5\httpcore5\5.1.3\httpcore5-5.1.3.jar;C:\Users\EricSuminski\.m2\repository\org\apache\httpcomponents\core5\httpcore5-h2\5.1.3\httpcore5-h2-5.1.3.jar;C:\Users\EricSuminski\.m2\repository\commons-codec\commons-codec\1.15\commons-codec-1.15.jar;"/>
    <property name="java.vm.vendor" value="Temurin"/>
    <property name="sun.arch.data.model" value="64"/>
    <property name="user.variant" value=""/>
    <property name="java.vendor.url" value="https://adoptium.net/"/>
    <property name="user.timezone" value="America/New_York"/>
    <property name="java.vm.specification.version" value="1.8"/>
    <property name="os.name" value="Windows 10"/>
    <property name="user.country" value="US"/>
    <property name="sun.java.launcher" value="SUN_STANDARD"/>
    <property name="sun.boot.library.path" value="C:\Program Files\Eclipse Adoptium\jdk-8.0.332.9-hotspot\jre\bin"/>
    <property name="sun.java.command" value="C:\Users\EricSuminski\AppData\Local\Temp\surefire3954862696580517342\surefirebooter-20220811163846427_3.jar C:\Users\EricSuminski\AppData\Local\Temp\surefire3954862696580517342 2022-08-11T16-38-45_420-jvmRun1 surefire-20220811163846427_1tmp surefire_0-20220811163846427_2tmp"/>
    <property name="surefire.test.class.path" value="C:\Users\EricSuminski\Desktop\selenium\target\test-classes;C:\Users\EricSuminski\Desktop\selenium\target\selenium-1.0-SNAPSHOT.jar;C:\Users\EricSuminski\.m2\repository\io\cucumber\cucumber-java\6.1.1\cucumber-java-6.1.1.jar;C:\Users\EricSuminski\.m2\repository\io\cucumber\cucumber-core\6.1.1\cucumber-core-6.1.1.jar;C:\Users\EricSuminski\.m2\repository\io\cucumber\cucumber-gherkin\6.1.1\cucumber-gherkin-6.1.1.jar;C:\Users\EricSuminski\.m2\repository\io\cucumber\cucumber-gherkin-messages\6.1.1\cucumber-gherkin-messages-6.1.1.jar;C:\Users\EricSuminski\.m2\repository\io\cucumber\messages\12.1.1\messages-12.1.1.jar;C:\Users\EricSuminski\.m2\repository\io\cucumber\tag-expressions\3.0.0\tag-expressions-3.0.0.jar;C:\Users\EricSuminski\.m2\repository\io\cucumber\cucumber-expressions\10.2.0\cucumber-expressions-10.2.0.jar;C:\Users\EricSuminski\.m2\repository\io\cucumber\datatable\3.3.1\datatable-3.3.1.jar;C:\Users\EricSuminski\.m2\repository\io\cucumber\cucumber-plugin\6.1.1\cucumber-plugin-6.1.1.jar;C:\Users\EricSuminski\.m2\repository\io\cucumber\docstring\6.1.1\docstring-6.1.1.jar;C:\Users\EricSuminski\.m2\repository\io\cucumber\html-formatter\6.0.3\html-formatter-6.0.3.jar;C:\Users\EricSuminski\.m2\repository\org\apiguardian\apiguardian-api\1.1.0\apiguardian-api-1.1.0.jar;C:\Users\EricSuminski\.m2\repository\io\cucumber\cucumber-junit\6.1.1\cucumber-junit-6.1.1.jar;C:\Users\EricSuminski\.m2\repository\junit\junit\4.13\junit-4.13.jar;C:\Users\EricSuminski\.m2\repository\org\hamcrest\hamcrest-core\1.3\hamcrest-core-1.3.jar;C:\Users\EricSuminski\.m2\repository\org\seleniumhq\selenium\selenium-java\3.141.59\selenium-java-3.141.59.jar;C:\Users\EricSuminski\.m2\repository\org\seleniumhq\selenium\selenium-api\3.141.59\selenium-api-3.141.59.jar;C:\Users\EricSuminski\.m2\repository\org\seleniumhq\selenium\selenium-chrome-driver\3.141.59\selenium-chrome-driver-3.141.59.jar;C:\Users\EricSuminski\.m2\repository\org\seleniumhq\selenium\selenium-edge-driver\3.141.59\selenium-edge-driver-3.141.59.jar;C:\Users\EricSuminski\.m2\repository\org\seleniumhq\selenium\selenium-firefox-driver\3.141.59\selenium-firefox-driver-3.141.59.jar;C:\Users\EricSuminski\.m2\repository\org\seleniumhq\selenium\selenium-ie-driver\3.141.59\selenium-ie-driver-3.141.59.jar;C:\Users\EricSuminski\.m2\repository\org\seleniumhq\selenium\selenium-opera-driver\3.141.59\selenium-opera-driver-3.141.59.jar;C:\Users\EricSuminski\.m2\repository\org\seleniumhq\selenium\selenium-remote-driver\3.141.59\selenium-remote-driver-3.141.59.jar;C:\Users\EricSuminski\.m2\repository\org\seleniumhq\selenium\selenium-safari-driver\3.141.59\selenium-safari-driver-3.141.59.jar;C:\Users\EricSuminski\.m2\repository\org\seleniumhq\selenium\selenium-support\3.141.59\selenium-support-3.141.59.jar;C:\Users\EricSuminski\.m2\repository\net\bytebuddy\byte-buddy\1.8.15\byte-buddy-1.8.15.jar;C:\Users\EricSuminski\.m2\repository\org\apache\commons\commons-exec\1.3\commons-exec-1.3.jar;C:\Users\EricSuminski\.m2\repository\com\google\guava\guava\25.0-jre\guava-25.0-jre.jar;C:\Users\EricSuminski\.m2\repository\com\google\code\findbugs\jsr305\1.3.9\jsr305-1.3.9.jar;C:\Users\EricSuminski\.m2\repository\org\checkerframework\checker-compat-qual\2.0.0\checker-compat-qual-2.0.0.jar;C:\Users\EricSuminski\.m2\repository\com\google\errorprone\error_prone_annotations\2.1.3\error_prone_annotations-2.1.3.jar;C:\Users\EricSuminski\.m2\repository\com\google\j2objc\j2objc-annotations\1.1\j2objc-annotations-1.1.jar;C:\Users\EricSuminski\.m2\repository\org\codehaus\mojo\animal-sniffer-annotations\1.14\animal-sniffer-annotations-1.14.jar;C:\Users\EricSuminski\.m2\repository\com\squareup\okhttp3\okhttp\3.11.0\okhttp-3.11.0.jar;C:\Users\EricSuminski\.m2\repository\com\squareup\okio\okio\1.14.0\okio-1.14.0.jar;C:\Users\EricSuminski\.m2\repository\io\github\bonigarcia\webdrivermanager\5.2.3\webdrivermanager-5.2.3.jar;C:\Users\EricSuminski\.m2\repository\org\slf4j\slf4j-api\1.7.36\slf4j-api-1.7.36.jar;C:\Users\EricSuminski\.m2\repository\com\google\code\gson\gson\2.9.1\gson-2.9.1.jar;C:\Users\EricSuminski\.m2\repository\com\github\docker-java\docker-java\3.2.13\docker-java-3.2.13.jar;C:\Users\EricSuminski\.m2\repository\com\github\docker-java\docker-java-core\3.2.13\docker-java-core-3.2.13.jar;C:\Users\EricSuminski\.m2\repository\com\github\docker-java\docker-java-api\3.2.13\docker-java-api-3.2.13.jar;C:\Users\EricSuminski\.m2\repository\com\fasterxml\jackson\core\jackson-annotations\2.10.3\jackson-annotations-2.10.3.jar;C:\Users\EricSuminski\.m2\repository\commons-io\commons-io\2.6\commons-io-2.6.jar;C:\Users\EricSuminski\.m2\repository\org\apache\commons\commons-compress\1.21\commons-compress-1.21.jar;C:\Users\EricSuminski\.m2\repository\com\fasterxml\jackson\core\jackson-databind\2.10.3\jackson-databind-2.10.3.jar;C:\Users\EricSuminski\.m2\repository\com\fasterxml\jackson\core\jackson-core\2.10.3\jackson-core-2.10.3.jar;C:\Users\EricSuminski\.m2\repository\org\bouncycastle\bcpkix-jdk15on\1.64\bcpkix-jdk15on-1.64.jar;C:\Users\EricSuminski\.m2\repository\org\bouncycastle\bcprov-jdk15on\1.64\bcprov-jdk15on-1.64.jar;C:\Users\EricSuminski\.m2\repository\org\slf4j\jcl-over-slf4j\1.7.30\jcl-over-slf4j-1.7.30.jar;C:\Users\EricSuminski\.m2\repository\com\github\docker-java\docker-java-transport-httpclient5\3.2.13\docker-java-transport-httpclient5-3.2.13.jar;C:\Users\EricSuminski\.m2\repository\com\github\docker-java\docker-java-transport\3.2.13\docker-java-transport-3.2.13.jar;C:\Users\EricSuminski\.m2\repository\net\java\dev\jna\jna\5.8.0\jna-5.8.0.jar;C:\Users\EricSuminski\.m2\repository\org\brotli\dec\0.1.2\dec-0.1.2.jar;C:\Users\EricSuminski\.m2\repository\org\apache\commons\commons-lang3\3.12.0\commons-lang3-3.12.0.jar;C:\Users\EricSuminski\.m2\repository\org\apache\httpcomponents\client5\httpclient5\5.1.3\httpclient5-5.1.3.jar;C:\Users\EricSuminski\.m2\repository\org\apache\httpcomponents\core5\httpcore5\5.1.3\httpcore5-5.1.3.jar;C:\Users\EricSuminski\.m2\repository\org\apache\httpcomponents\core5\httpcore5-h2\5.1.3\httpcore5-h2-5.1.3.jar;C:\Users\EricSuminski\.m2\repository\commons-codec\commons-codec\1.15\commons-codec-1.15.jar;"/>
    <property name="sun.cpu.endian" value="little"/>
    <property name="user.home" value="C:\Users\EricSuminski"/>
    <property name="user.language" value="en"/>
    <property name="java.specification.vendor" value="Oracle Corporation"/>
    <property name="java.home" value="C:\Program Files\Eclipse Adoptium\jdk-8.0.332.9-hotspot\jre"/>
    <property name="basedir" value="C:\Users\EricSuminski\Desktop\selenium"/>
    <property name="file.separator" value="\"/>
    <property name="line.separator" value="&#10;"/>
    <property name="java.vm.specification.vendor" value="Oracle Corporation"/>
    <property name="java.specification.name" value="Java Platform API Specification"/>
    <property name="java.awt.graphicsenv" value="sun.awt.Win32GraphicsEnvironment"/>
    <property name="surefire.real.class.path" value="C:\Users\EricSuminski\AppData\Local\Temp\surefire3954862696580517342\surefirebooter-20220811163846427_3.jar"/>
    <property name="sun.boot.class.path" value="C:\Program Files\Eclipse Adoptium\jdk-8.0.332.9-hotspot\jre\lib\resources.jar;C:\Program Files\Eclipse Adoptium\jdk-8.0.332.9-hotspot\jre\lib\rt.jar;C:\Program Files\Eclipse Adoptium\jdk-8.0.332.9-hotspot\jre\lib\sunrsasign.jar;C:\Program Files\Eclipse Adoptium\jdk-8.0.332.9-hotspot\jre\lib\jsse.jar;C:\Program Files\Eclipse Adoptium\jdk-8.0.332.9-hotspot\jre\lib\jce.jar;C:\Program Files\Eclipse Adoptium\jdk-8.0.332.9-hotspot\jre\lib\charsets.jar;C:\Program Files\Eclipse Adoptium\jdk-8.0.332.9-hotspot\jre\lib\jfr.jar;C:\Program Files\Eclipse Adoptium\jdk-8.0.332.9-hotspot\jre\classes"/>
    <property name="user.script" value=""/>
    <property name="sun.management.compiler" value="HotSpot 64-Bit Tiered Compilers"/>
    <property name="java.runtime.version" value="1.8.0_332-b09"/>
    <property name="user.name" value="EricSuminski"/>
    <property name="path.separator" value=";"/>
    <property name="os.version" value="10.0"/>
    <property name="java.endorsed.dirs" value="C:\Program Files\Eclipse Adoptium\jdk-8.0.332.9-hotspot\jre\lib\endorsed"/>
    <property name="java.runtime.name" value="OpenJDK Runtime Environment"/>
    <property name="file.encoding" value="Cp1252"/>
    <property name="java.vm.name" value="OpenJDK 64-Bit Server VM"/>
    <property name="localRepository" value="C:\Users\EricSuminski\.m2\repository"/>
    <property name="java.vendor.url.bug" value="https://github.com/adoptium/adoptium-support/issues"/>
    <property name="java.io.tmpdir" value="C:\Users\ERICSU~1\AppData\Local\Temp\"/>
    <property name="java.version" value="1.8.0_332"/>
    <property name="user.dir" value="C:\Users\EricSuminski\Desktop\selenium"/>
    <property name="os.arch" value="amd64"/>
    <property name="java.vm.specification.name" value="Java Virtual Machine Specification"/>
    <property name="java.awt.printerjob" value="sun.awt.windows.WPrinterJob"/>
    <property name="sun.os.patch.level" value=""/>
    <property name="java.library.path" value="C:\Program Files\Eclipse Adoptium\jdk-8.0.332.9-hotspot\jre\bin;C:\WINDOWS\Sun\Java\bin;C:\WINDOWS\system32;C:\WINDOWS;C:\Users\EricSuminski\bin;C:\Program Files\Git\mingw64\bin;C:\Program Files\Git\usr\local\bin;C:\Program Files\Git\usr\bin;C:\Program Files\Git\usr\bin;C:\Program Files\Git\mingw64\bin;C:\Program Files\Git\usr\bin;C:\Users\EricSuminski\bin;C:\Program Files\Eclipse Adoptium\jdk-8.0.332.9-hotspot\bin;C:\WINDOWS\system32;C:\WINDOWS;C:\WINDOWS\System32\Wbem;C:\WINDOWS\System32\WindowsPowerShell\v1.0;C:\WINDOWS\System32\OpenSSH;C:\Program Files\Java\jdk-1.8.0._321\bin;C:\Maven\apache-maven-3.8.6\bin;C:\ProgramData\chocolatey\bin;C:\Program Files\Docker\Docker\resources\bin;C:\ProgramData\DockerDesktop\version-bin;C:\Program Files\nodejs;C:\Program Files\Git\cmd;C:\Users\EricSuminski\scoop\shims;C:\Users\EricSuminski\AppData\Local\Programs\Python\Python310\Scripts;C:\Users\EricSuminski\AppData\Local\Programs\Python\Python310;C:\Users\EricSuminski\AppData\Local\Microsoft\WindowsApps;C:\Program Files\JetBrains\IntelliJ IDEA Community Edition 2021.3\bin;C:\Program Files\JetBrains\PyCharm Community Edition 2021.2\bin;C:\Program Files\JetBrains\IntelliJ IDEA Community Edition 2022.1.1\bin;C:\Maven\apache-maven-3.8.6\bin;C:\Users\EricSuminski\AppData\Local\Programs\Microsoft VS Code\bin;C:\Users\EricSuminski\AppData\Roaming\npm;C:\Program Files\Git\usr\bin\vendor_perl;C:\Program Files\Git\usr\bin\core_perl;."/>
    <property name="java.vm.info" value="mixed mode"/>
    <property name="java.vendor" value="Temurin"/>
    <property name="java.vm.version" value="25.332-b09"/>
    <property name="java.ext.dirs" value="C:\Program Files\Eclipse Adoptium\jdk-8.0.332.9-hotspot\jre\lib\ext;C:\WINDOWS\Sun\Java\lib\ext"/>
    <property name="sun.io.unicode.encoding" value="UnicodeLittle"/>
    <property name="java.class.version" value="52.0"/>
  </properties>
  <testcase name="As a tester I can upload files using Selenium" classname="Selenium can upload files and take screenshots" time="1.855">
    <system-out><![CDATA[
Scenario: As a tester I can upload files using Selenium        &amp#27;[90m# features/Example-Features.feature:6&amp#27;[0m
  &amp#27;[32mGiven &amp#27;[0m&amp#27;[32mI am on the Web Page&amp#27;[0m                                   &amp#27;[90m# com.example.steps.UploadSteps.i_am_on_the_Web_Page()&amp#27;[0m
  &amp#27;[32mWhen &amp#27;[0m&amp#27;[32mI upload the test photo&amp#27;[0m                                 &amp#27;[90m# com.example.steps.UploadSteps.i_upload_the_test_photo()&amp#27;[0m
  &amp#27;[32mWhen &amp#27;[0m&amp#27;[32mI click the submit button&amp#27;[0m                               &amp#27;[90m# com.example.steps.UploadSteps.i_click_the_submit_button()&amp#27;[0m
  &amp#27;[32mThen &amp#27;[0m&amp#27;[32mAn alert with the value of the file path should display&amp#27;[0m &amp#27;[90m# com.example.steps.UploadSteps.an_alert_with_the_value_of_the_file_path_should_display()&amp#27;[0m
]]></system-out>
    <system-err><![CDATA[SLF4J: Failed to load class "org.slf4j.impl.StaticLoggerBinder".
SLF4J: Defaulting to no-operation (NOP) logger implementation
SLF4J: See http://www.slf4j.org/codes.html#StaticLoggerBinder for further details.
Starting ChromeDriver 104.0.5112.79 (3cf3e8c8a07d104b9e1260c910efb8f383285dc5-refs/branch-heads/5112@{#1307}) on port 6965
Only local connections are allowed.
Please see https://chromedriver.chromium.org/security-considerations for suggestions on keeping ChromeDriver safe.
ChromeDriver was started successfully.
Aug 11, 2022 4:38:50 PM org.openqa.selenium.remote.ProtocolHandshake createSession
INFO: Detected dialect: W3C
]]></system-err>
  </testcase>
  <testcase name="As a tester I want to take screenshots when things go wrong" classname="Selenium can upload files and take screenshots" time="0.561">
    <system-out><![CDATA[
Scenario: As a tester I want to take screenshots when things go wrong             &amp#27;[90m# features/Example-Features.feature:11&amp#27;[0m
  &amp#27;[32mGiven &amp#27;[0m&amp#27;[32mI am on the Web Page&amp#27;[0m                                                      &amp#27;[90m# com.example.steps.UploadSteps.i_am_on_the_Web_Page()&amp#27;[0m
  &amp#27;[32mWhen &amp#27;[0m&amp#27;[32mI enter text into the text input and click the button to change the header&amp#27;[0m &amp#27;[90m# com.example.steps.UploadSteps.i_enter_text_into_the_text_input_and_click_the_button_to_change_the_header()&amp#27;[0m
  &amp#27;[32mThen &amp#27;[0m&amp#27;[32mA screenshot should be saved in the screenshot folder&amp#27;[0m                      &amp#27;[90m# com.example.steps.UploadSteps.a_screenshot_of_the_alert_should_be_saved_in_the_screenshot_folder()&amp#27;[0m
]]></system-out>
  </testcase>
</testsuite>